[2023-04-22 18:50:17Z INFO HostContext] No proxy settings were found based on environmental variables (http_proxy/https_proxy/HTTP_PROXY/HTTPS_PROXY)
[2023-04-22 18:50:17Z INFO HostContext] Well known directory 'Bin': 'D:\Work\Sociable\actions-runner\bin'
[2023-04-22 18:50:17Z INFO HostContext] Well known directory 'Root': 'D:\Work\Sociable\actions-runner'
[2023-04-22 18:50:17Z INFO HostContext] Well known config file 'Credentials': 'D:\Work\Sociable\actions-runner\.credentials'
[2023-04-22 18:50:17Z INFO HostContext] Well known directory 'Bin': 'D:\Work\Sociable\actions-runner\bin'
[2023-04-22 18:50:17Z INFO HostContext] Well known directory 'Root': 'D:\Work\Sociable\actions-runner'
[2023-04-22 18:50:17Z INFO HostContext] Well known config file 'Runner': 'D:\Work\Sociable\actions-runner\.runner'
[2023-04-22 18:50:17Z INFO Listener] Runner is built for Windows (X64) - win-x64.
[2023-04-22 18:50:17Z INFO Listener] RuntimeInformation: Microsoft Windows 10.0.22621.
[2023-04-22 18:50:17Z INFO Listener] Version: 2.303.0
[2023-04-22 18:50:17Z INFO Listener] Commit: e676c7871817c1b484299cd93fabdf4b95e70741
[2023-04-22 18:50:17Z INFO Listener] Culture: en-IN
[2023-04-22 18:50:17Z INFO Listener] UI Culture: en-US
[2023-04-22 18:50:17Z INFO HostContext] Well known directory 'Bin': 'D:\Work\Sociable\actions-runner\bin'
[2023-04-22 18:50:17Z INFO HostContext] Well known directory 'Root': 'D:\Work\Sociable\actions-runner'
[2023-04-22 18:50:17Z INFO Listener] Validating directory permissions for: 'D:\Work\Sociable\actions-runner'
[2023-04-22 18:50:17Z INFO CommandLineParser] Parse
[2023-04-22 18:50:17Z INFO CommandLineParser] Parsing 5 args
[2023-04-22 18:50:17Z INFO CommandLineParser] parsing argument
[2023-04-22 18:50:17Z INFO CommandLineParser] HasArgs: False
[2023-04-22 18:50:17Z INFO CommandLineParser] Adding Command: configure
[2023-04-22 18:50:17Z INFO CommandLineParser] parsing argument
[2023-04-22 18:50:17Z INFO CommandLineParser] HasArgs: True
[2023-04-22 18:50:17Z INFO CommandLineParser] arg: url
[2023-04-22 18:50:17Z INFO CommandLineParser] parsing argument
[2023-04-22 18:50:17Z INFO CommandLineParser] HasArgs: True
[2023-04-22 18:50:17Z INFO CommandLineParser] Adding option 'url': 'https://github.com/codewitharun/Sociable'
[2023-04-22 18:50:17Z INFO CommandLineParser] parsing argument
[2023-04-22 18:50:17Z INFO CommandLineParser] HasArgs: True
[2023-04-22 18:50:17Z INFO CommandLineParser] arg: token
[2023-04-22 18:50:17Z INFO CommandLineParser] parsing argument
[2023-04-22 18:50:17Z INFO CommandLineParser] HasArgs: True
[2023-04-22 18:50:17Z INFO CommandLineParser] Adding option 'token': '***'
[2023-04-22 18:50:17Z INFO Listener] Arguments parsed
[2023-04-22 18:50:17Z INFO Runner] ExecuteCommand
[2023-04-22 18:50:17Z INFO ConfigurationStore] currentAssemblyLocation: D:\Work\Sociable\actions-runner\bin\Runner.Listener.dll
[2023-04-22 18:50:17Z INFO HostContext] Well known directory 'Bin': 'D:\Work\Sociable\actions-runner\bin'
[2023-04-22 18:50:17Z INFO ConfigurationStore] binPath: D:\Work\Sociable\actions-runner\bin
[2023-04-22 18:50:17Z INFO HostContext] Well known directory 'Bin': 'D:\Work\Sociable\actions-runner\bin'
[2023-04-22 18:50:17Z INFO HostContext] Well known directory 'Root': 'D:\Work\Sociable\actions-runner'
[2023-04-22 18:50:17Z INFO ConfigurationStore] RootFolder: D:\Work\Sociable\actions-runner
[2023-04-22 18:50:17Z INFO HostContext] Well known directory 'Bin': 'D:\Work\Sociable\actions-runner\bin'
[2023-04-22 18:50:17Z INFO HostContext] Well known directory 'Root': 'D:\Work\Sociable\actions-runner'
[2023-04-22 18:50:17Z INFO HostContext] Well known config file 'Runner': 'D:\Work\Sociable\actions-runner\.runner'
[2023-04-22 18:50:17Z INFO ConfigurationStore] ConfigFilePath: D:\Work\Sociable\actions-runner\.runner
[2023-04-22 18:50:17Z INFO HostContext] Well known directory 'Bin': 'D:\Work\Sociable\actions-runner\bin'
[2023-04-22 18:50:17Z INFO HostContext] Well known directory 'Root': 'D:\Work\Sociable\actions-runner'
[2023-04-22 18:50:17Z INFO HostContext] Well known config file 'Credentials': 'D:\Work\Sociable\actions-runner\.credentials'
[2023-04-22 18:50:17Z INFO ConfigurationStore] CredFilePath: D:\Work\Sociable\actions-runner\.credentials
[2023-04-22 18:50:17Z INFO HostContext] Well known directory 'Bin': 'D:\Work\Sociable\actions-runner\bin'
[2023-04-22 18:50:17Z INFO HostContext] Well known directory 'Root': 'D:\Work\Sociable\actions-runner'
[2023-04-22 18:50:17Z INFO HostContext] Well known config file 'MigratedCredentials': 'D:\Work\Sociable\actions-runner\.credentials_migrated'
[2023-04-22 18:50:17Z INFO ConfigurationStore] MigratedCredFilePath: D:\Work\Sociable\actions-runner\.credentials_migrated
[2023-04-22 18:50:17Z INFO HostContext] Well known directory 'Bin': 'D:\Work\Sociable\actions-runner\bin'
[2023-04-22 18:50:17Z INFO HostContext] Well known directory 'Root': 'D:\Work\Sociable\actions-runner'
[2023-04-22 18:50:17Z INFO HostContext] Well known config file 'Service': 'D:\Work\Sociable\actions-runner\.service'
[2023-04-22 18:50:17Z INFO ConfigurationStore] ServiceConfigFilePath: D:\Work\Sociable\actions-runner\.service
[2023-04-22 18:50:17Z INFO CommandSettings] Flag 'help': 'False'
[2023-04-22 18:50:17Z INFO CommandSettings] Flag 'version': 'False'
[2023-04-22 18:50:17Z INFO CommandSettings] Flag 'commit': 'False'
[2023-04-22 18:50:17Z INFO CommandSettings] Flag 'check': 'False'
[2023-04-22 18:50:17Z INFO CommandSettings] Command 'configure': 'True'
[2023-04-22 18:50:17Z INFO Terminal] WRITE LINE: 
[2023-04-22 18:50:17Z INFO Terminal] WRITE LINE: --------------------------------------------------------------------------------
[2023-04-22 18:50:17Z INFO Terminal] WRITE LINE: |        ____ _ _   _   _       _          _        _   _                      |
[2023-04-22 18:50:17Z INFO Terminal] WRITE LINE: |       / ___(_) |_| | | |_   _| |__      / \   ___| |_(_) ___  _ __  ___      |
[2023-04-22 18:50:17Z INFO Terminal] WRITE LINE: |      | |  _| | __| |_| | | | | '_ \    / _ \ / __| __| |/ _ \| '_ \/ __|     |
[2023-04-22 18:50:17Z INFO Terminal] WRITE LINE: |      | |_| | | |_|  _  | |_| | |_) |  / ___ \ (__| |_| | (_) | | | \__ \     |
[2023-04-22 18:50:17Z INFO Terminal] WRITE LINE: |       \____|_|\__|_| |_|\__,_|_.__/  /_/   \_\___|\__|_|\___/|_| |_|___/     |
[2023-04-22 18:50:17Z INFO Terminal] WRITE LINE: |                                                                              |
[2023-04-22 18:50:17Z INFO Terminal] WRITE: |                       
[2023-04-22 18:50:17Z INFO Terminal] WRITE: Self-hosted runner registration
[2023-04-22 18:50:17Z INFO Terminal] WRITE LINE:                         |
[2023-04-22 18:50:17Z INFO Terminal] WRITE LINE: |                                                                              |
[2023-04-22 18:50:17Z INFO Terminal] WRITE LINE: --------------------------------------------------------------------------------
[2023-04-22 18:50:17Z INFO ConfigurationManager] ConfigureAsync
[2023-04-22 18:50:17Z INFO CommandSettings] Flag 'generateServiceConfig': 'False'
[2023-04-22 18:50:17Z INFO ConfigurationStore] IsConfigured()
[2023-04-22 18:50:17Z INFO ConfigurationStore] IsConfigured: False
[2023-04-22 18:50:17Z INFO ConfigurationManager] Is configured: False
[2023-04-22 18:50:17Z INFO CommandSettings] Arg 'url': 'https://github.com/codewitharun/Sociable'
[2023-04-22 18:50:17Z INFO CommandSettings] Remove url from Arg dictionary.
[2023-04-22 18:50:17Z INFO CommandSettings] Arg 'token': '***'
[2023-04-22 18:50:17Z INFO CommandSettings] Remove token from Arg dictionary.
[2023-04-22 18:50:19Z INFO ConfigurationManager] Http response code: OK from 'POST https://api.github.com/actions/runner-registration' (55E9:168D:1A10E5:1EFD5A:64442C51)
[2023-04-22 18:50:19Z INFO ConfigurationManager] cred retrieved via GitHub auth
[2023-04-22 18:50:19Z INFO RunnerServer] EstablishVssConnection
[2023-04-22 18:50:19Z INFO RunnerServer] Establish connection with 100 seconds timeout.
[2023-04-22 18:50:19Z INFO GitHubActionsService] Starting operation Location.GetConnectionData
[2023-04-22 18:50:19Z INFO RunnerServer] EstablishVssConnection
[2023-04-22 18:50:19Z INFO RunnerServer] Establish connection with 60 seconds timeout.
[2023-04-22 18:50:19Z INFO GitHubActionsService] Starting operation Location.GetConnectionData
[2023-04-22 18:50:19Z INFO RunnerServer] EstablishVssConnection
[2023-04-22 18:50:19Z INFO RunnerServer] Establish connection with 60 seconds timeout.
[2023-04-22 18:50:19Z INFO GitHubActionsService] Starting operation Location.GetConnectionData
[2023-04-22 18:50:20Z INFO GitHubActionsService] Finished operation Location.GetConnectionData
[2023-04-22 18:50:20Z INFO GitHubActionsService] Finished operation Location.GetConnectionData
[2023-04-22 18:50:20Z INFO GitHubActionsService] Finished operation Location.GetConnectionData
[2023-04-22 18:50:20Z INFO Terminal] WRITE LINE: 
[2023-04-22 18:50:20Z INFO ConfigurationManager] Test Connection complete.
[2023-04-22 18:50:20Z INFO HostContext] Well known directory 'Bin': 'D:\Work\Sociable\actions-runner\bin'
[2023-04-22 18:50:20Z INFO HostContext] Well known directory 'Root': 'D:\Work\Sociable\actions-runner'
[2023-04-22 18:50:20Z INFO HostContext] Well known config file 'RSACredentials': 'D:\Work\Sociable\actions-runner\.credentials_rsaparams'
[2023-04-22 18:50:20Z INFO RSAEncryptedFileKeyManager] Found existing RSA key parameters file D:\Work\Sociable\actions-runner\.credentials_rsaparams
[2023-04-22 18:50:21Z INFO CommandSettings] Arg 'runnergroup': ''
[2023-04-22 18:50:21Z INFO CommandSettings] Flag 'unattended': 'False'
[2023-04-22 18:50:21Z INFO PromptManager] ReadValue
[2023-04-22 18:50:21Z INFO Terminal] WRITE: Enter the name of the runner group to add this runner to: 
[2023-04-22 18:50:21Z INFO Terminal] WRITE: [press Enter for Default] 
[2023-04-22 18:50:21Z INFO Terminal] READ LINE
[2023-04-22 18:50:29Z INFO Terminal] Read value: ''
[2023-04-22 18:50:29Z INFO PromptManager] Falling back to the default: 'Default'
[2023-04-22 18:50:29Z INFO Terminal] WRITE LINE: 
[2023-04-22 18:50:29Z INFO ConfigurationManager] Found a self-hosted runner group with id 1 and name Default
[2023-04-22 18:50:29Z INFO CommandSettings] Flag 'disableupdate': 'False'
[2023-04-22 18:50:29Z INFO CommandSettings] Flag 'ephemeral': 'False'
[2023-04-22 18:50:29Z INFO CommandSettings] Arg 'name': ''
[2023-04-22 18:50:29Z INFO CommandSettings] Flag 'unattended': 'False'
[2023-04-22 18:50:29Z INFO PromptManager] ReadValue
[2023-04-22 18:50:29Z INFO Terminal] WRITE: Enter the name of runner: 
[2023-04-22 18:50:29Z INFO Terminal] WRITE: [press Enter for ARUNPC] 
[2023-04-22 18:50:29Z INFO Terminal] READ LINE
[2023-04-22 18:50:33Z INFO Terminal] Read value: ''
[2023-04-22 18:50:33Z INFO PromptManager] Falling back to the default: 'ARUNPC'
[2023-04-22 18:50:33Z INFO Terminal] WRITE LINE: 
[2023-04-22 18:50:33Z INFO CommandSettings] Arg 'labels': ''
[2023-04-22 18:50:33Z INFO CommandSettings] Flag 'unattended': 'False'
[2023-04-22 18:50:33Z INFO PromptManager] ReadValue
[2023-04-22 18:50:33Z INFO Terminal] WRITE: This runner will have the following labels: 'self-hosted', 'Windows', 'X64' 
Enter any additional labels (ex. label-1,label-2): 
[2023-04-22 18:50:33Z INFO Terminal] WRITE: [press Enter to skip] 
[2023-04-22 18:50:33Z INFO Terminal] READ LINE
[2023-04-22 18:50:39Z INFO Terminal] Read value: ''
[2023-04-22 18:50:39Z INFO Terminal] WRITE LINE: 
[2023-04-22 18:50:40Z INFO CommandSettings] Flag 'disableupdate': 'False'
[2023-04-22 18:50:40Z INFO CommandSettings] Flag 'disableupdate': 'False'
[2023-04-22 18:50:40Z INFO CommandSettings] Flag 'ephemeral': 'False'
[2023-04-22 18:50:40Z INFO ConfigurationStore] Saving OAuth credential @ D:\Work\Sociable\actions-runner\.credentials
[2023-04-22 18:50:40Z INFO ConfigurationStore] Credentials Saved.
[2023-04-22 18:50:40Z INFO ConfigurationStore] HasCredentials()
[2023-04-22 18:50:40Z INFO ConfigurationStore] stored True
[2023-04-22 18:50:40Z INFO CredentialManager] GetCredentialProvider
[2023-04-22 18:50:40Z INFO CredentialManager] Creating type OAuth
[2023-04-22 18:50:40Z INFO CredentialManager] Creating credential type: OAuth
[2023-04-22 18:50:40Z INFO RSAEncryptedFileKeyManager] Loading RSA key parameters from file D:\Work\Sociable\actions-runner\.credentials_rsaparams
[2023-04-22 18:50:40Z INFO RunnerServer] EstablishVssConnection
[2023-04-22 18:50:40Z INFO RunnerServer] Establish connection with 100 seconds timeout.
[2023-04-22 18:50:40Z INFO GitHubActionsService] Starting operation Location.GetConnectionData
[2023-04-22 18:50:40Z INFO RunnerServer] EstablishVssConnection
[2023-04-22 18:50:40Z INFO RunnerServer] Establish connection with 60 seconds timeout.
[2023-04-22 18:50:40Z INFO GitHubActionsService] Starting operation Location.GetConnectionData
[2023-04-22 18:50:40Z INFO RunnerServer] EstablishVssConnection
[2023-04-22 18:50:40Z INFO RunnerServer] Establish connection with 60 seconds timeout.
[2023-04-22 18:50:40Z INFO GitHubActionsService] Starting operation Location.GetConnectionData
[2023-04-22 18:50:42Z INFO GitHubActionsService] Finished operation Location.GetConnectionData
[2023-04-22 18:50:42Z INFO GitHubActionsService] Finished operation Location.GetConnectionData
[2023-04-22 18:50:42Z INFO GitHubActionsService] Finished operation Location.GetConnectionData
[2023-04-22 18:50:42Z INFO RSAEncryptedFileKeyManager] Loading RSA key parameters from file D:\Work\Sociable\actions-runner\.credentials_rsaparams
[2023-04-22 18:50:42Z INFO RSAEncryptedFileKeyManager] Loading RSA key parameters from file D:\Work\Sociable\actions-runner\.credentials_rsaparams
[2023-04-22 18:50:44Z INFO GitHubActionsService] AAD Correlation ID for this token request: Unknown
[2023-04-22 18:50:44Z INFO CommandSettings] Arg 'work': ''
[2023-04-22 18:50:44Z INFO CommandSettings] Flag 'unattended': 'False'
[2023-04-22 18:50:44Z INFO PromptManager] ReadValue
[2023-04-22 18:50:44Z INFO Terminal] WRITE: Enter name of work folder: 
[2023-04-22 18:50:44Z INFO Terminal] WRITE: [press Enter for _work] 
[2023-04-22 18:50:44Z INFO Terminal] READ LINE
[2023-04-22 18:50:54Z INFO Terminal] Read value: ''
[2023-04-22 18:50:54Z INFO PromptManager] Falling back to the default: '_work'
[2023-04-22 18:50:54Z INFO ConfigurationStore] Saving runner settings.
[2023-04-22 18:50:54Z INFO ConfigurationStore] Settings Saved.
[2023-04-22 18:50:54Z INFO Terminal] WRITE LINE: 
[2023-04-22 18:50:54Z INFO Terminal] WRITE LINE: 
[2023-04-22 18:50:54Z INFO CommandSettings] Flag 'runasservice': 'False'
[2023-04-22 18:50:54Z INFO CommandSettings] Flag 'unattended': 'False'
[2023-04-22 18:50:54Z INFO PromptManager] ReadValue
[2023-04-22 18:50:54Z INFO Terminal] WRITE: Would you like to run the runner as service? (Y/N) 
[2023-04-22 18:50:54Z INFO Terminal] WRITE: [press Enter for N] 
[2023-04-22 18:50:54Z INFO Terminal] READ LINE
[2023-04-22 18:51:02Z INFO Terminal] Read value: ''
[2023-04-22 18:51:02Z INFO PromptManager] Falling back to the default: 'N'
[2023-04-22 18:51:02Z INFO Listener] Runner execution has finished with return code 0
