[2023-04-22 18:49:52Z INFO HostContext] No proxy settings were found based on environmental variables (http_proxy/https_proxy/HTTP_PROXY/HTTPS_PROXY)
[2023-04-22 18:49:53Z INFO HostContext] Well known directory 'Bin': 'D:\Work\Sociable\actions-runner\bin'
[2023-04-22 18:49:53Z INFO HostContext] Well known directory 'Root': 'D:\Work\Sociable\actions-runner'
[2023-04-22 18:49:53Z INFO HostContext] Well known config file 'Credentials': 'D:\Work\Sociable\actions-runner\.credentials'
[2023-04-22 18:49:53Z INFO HostContext] Well known directory 'Bin': 'D:\Work\Sociable\actions-runner\bin'
[2023-04-22 18:49:53Z INFO HostContext] Well known directory 'Root': 'D:\Work\Sociable\actions-runner'
[2023-04-22 18:49:53Z INFO HostContext] Well known config file 'Runner': 'D:\Work\Sociable\actions-runner\.runner'
[2023-04-22 18:49:53Z INFO Listener] Runner is built for Windows (X64) - win-x64.
[2023-04-22 18:49:53Z INFO Listener] RuntimeInformation: Microsoft Windows 10.0.22621.
[2023-04-22 18:49:53Z INFO Listener] Version: 2.303.0
[2023-04-22 18:49:53Z INFO Listener] Commit: e676c7871817c1b484299cd93fabdf4b95e70741
[2023-04-22 18:49:53Z INFO Listener] Culture: en-IN
[2023-04-22 18:49:53Z INFO Listener] UI Culture: en-US
[2023-04-22 18:49:53Z INFO HostContext] Well known directory 'Bin': 'D:\Work\Sociable\actions-runner\bin'
[2023-04-22 18:49:53Z INFO HostContext] Well known directory 'Root': 'D:\Work\Sociable\actions-runner'
[2023-04-22 18:49:53Z INFO Listener] Validating directory permissions for: 'D:\Work\Sociable\actions-runner'
[2023-04-22 18:49:53Z INFO CommandLineParser] Parse
[2023-04-22 18:49:53Z INFO CommandLineParser] Parsing 5 args
[2023-04-22 18:49:53Z INFO CommandLineParser] parsing argument
[2023-04-22 18:49:53Z INFO CommandLineParser] HasArgs: False
[2023-04-22 18:49:53Z INFO CommandLineParser] Adding Command: configure
[2023-04-22 18:49:53Z INFO CommandLineParser] parsing argument
[2023-04-22 18:49:53Z INFO CommandLineParser] HasArgs: True
[2023-04-22 18:49:53Z INFO CommandLineParser] arg: url
[2023-04-22 18:49:53Z INFO CommandLineParser] parsing argument
[2023-04-22 18:49:53Z INFO CommandLineParser] HasArgs: True
[2023-04-22 18:49:53Z INFO CommandLineParser] Adding option 'url': 'https://github.com/codewitharun/Sociable'
[2023-04-22 18:49:53Z INFO CommandLineParser] parsing argument
[2023-04-22 18:49:53Z INFO CommandLineParser] HasArgs: True
[2023-04-22 18:49:53Z INFO CommandLineParser] arg: token
[2023-04-22 18:49:53Z INFO CommandLineParser] parsing argument
[2023-04-22 18:49:53Z INFO CommandLineParser] HasArgs: True
[2023-04-22 18:49:53Z INFO CommandLineParser] Adding option 'token': '***'
[2023-04-22 18:49:53Z INFO Listener] Arguments parsed
[2023-04-22 18:49:53Z INFO Runner] ExecuteCommand
[2023-04-22 18:49:53Z INFO ConfigurationStore] currentAssemblyLocation: D:\Work\Sociable\actions-runner\bin\Runner.Listener.dll
[2023-04-22 18:49:53Z INFO HostContext] Well known directory 'Bin': 'D:\Work\Sociable\actions-runner\bin'
[2023-04-22 18:49:53Z INFO ConfigurationStore] binPath: D:\Work\Sociable\actions-runner\bin
[2023-04-22 18:49:53Z INFO HostContext] Well known directory 'Bin': 'D:\Work\Sociable\actions-runner\bin'
[2023-04-22 18:49:53Z INFO HostContext] Well known directory 'Root': 'D:\Work\Sociable\actions-runner'
[2023-04-22 18:49:53Z INFO ConfigurationStore] RootFolder: D:\Work\Sociable\actions-runner
[2023-04-22 18:49:53Z INFO HostContext] Well known directory 'Bin': 'D:\Work\Sociable\actions-runner\bin'
[2023-04-22 18:49:53Z INFO HostContext] Well known directory 'Root': 'D:\Work\Sociable\actions-runner'
[2023-04-22 18:49:53Z INFO HostContext] Well known config file 'Runner': 'D:\Work\Sociable\actions-runner\.runner'
[2023-04-22 18:49:53Z INFO ConfigurationStore] ConfigFilePath: D:\Work\Sociable\actions-runner\.runner
[2023-04-22 18:49:53Z INFO HostContext] Well known directory 'Bin': 'D:\Work\Sociable\actions-runner\bin'
[2023-04-22 18:49:53Z INFO HostContext] Well known directory 'Root': 'D:\Work\Sociable\actions-runner'
[2023-04-22 18:49:53Z INFO HostContext] Well known config file 'Credentials': 'D:\Work\Sociable\actions-runner\.credentials'
[2023-04-22 18:49:53Z INFO ConfigurationStore] CredFilePath: D:\Work\Sociable\actions-runner\.credentials
[2023-04-22 18:49:53Z INFO HostContext] Well known directory 'Bin': 'D:\Work\Sociable\actions-runner\bin'
[2023-04-22 18:49:53Z INFO HostContext] Well known directory 'Root': 'D:\Work\Sociable\actions-runner'
[2023-04-22 18:49:53Z INFO HostContext] Well known config file 'MigratedCredentials': 'D:\Work\Sociable\actions-runner\.credentials_migrated'
[2023-04-22 18:49:53Z INFO ConfigurationStore] MigratedCredFilePath: D:\Work\Sociable\actions-runner\.credentials_migrated
[2023-04-22 18:49:53Z INFO HostContext] Well known directory 'Bin': 'D:\Work\Sociable\actions-runner\bin'
[2023-04-22 18:49:53Z INFO HostContext] Well known directory 'Root': 'D:\Work\Sociable\actions-runner'
[2023-04-22 18:49:53Z INFO HostContext] Well known config file 'Service': 'D:\Work\Sociable\actions-runner\.service'
[2023-04-22 18:49:53Z INFO ConfigurationStore] ServiceConfigFilePath: D:\Work\Sociable\actions-runner\.service
[2023-04-22 18:49:53Z INFO CommandSettings] Flag 'help': 'False'
[2023-04-22 18:49:53Z INFO CommandSettings] Flag 'version': 'False'
[2023-04-22 18:49:53Z INFO CommandSettings] Flag 'commit': 'False'
[2023-04-22 18:49:53Z INFO CommandSettings] Flag 'check': 'False'
[2023-04-22 18:49:53Z INFO CommandSettings] Command 'configure': 'True'
[2023-04-22 18:49:53Z INFO Terminal] WRITE LINE: 
[2023-04-22 18:49:53Z INFO Terminal] WRITE LINE: --------------------------------------------------------------------------------
[2023-04-22 18:49:53Z INFO Terminal] WRITE LINE: |        ____ _ _   _   _       _          _        _   _                      |
[2023-04-22 18:49:53Z INFO Terminal] WRITE LINE: |       / ___(_) |_| | | |_   _| |__      / \   ___| |_(_) ___  _ __  ___      |
[2023-04-22 18:49:53Z INFO Terminal] WRITE LINE: |      | |  _| | __| |_| | | | | '_ \    / _ \ / __| __| |/ _ \| '_ \/ __|     |
[2023-04-22 18:49:53Z INFO Terminal] WRITE LINE: |      | |_| | | |_|  _  | |_| | |_) |  / ___ \ (__| |_| | (_) | | | \__ \     |
[2023-04-22 18:49:53Z INFO Terminal] WRITE LINE: |       \____|_|\__|_| |_|\__,_|_.__/  /_/   \_\___|\__|_|\___/|_| |_|___/     |
[2023-04-22 18:49:53Z INFO Terminal] WRITE LINE: |                                                                              |
[2023-04-22 18:49:53Z INFO Terminal] WRITE: |                       
[2023-04-22 18:49:53Z INFO Terminal] WRITE: Self-hosted runner registration
[2023-04-22 18:49:53Z INFO Terminal] WRITE LINE:                         |
[2023-04-22 18:49:53Z INFO Terminal] WRITE LINE: |                                                                              |
[2023-04-22 18:49:53Z INFO Terminal] WRITE LINE: --------------------------------------------------------------------------------
[2023-04-22 18:49:53Z INFO ConfigurationManager] ConfigureAsync
[2023-04-22 18:49:53Z INFO CommandSettings] Flag 'generateServiceConfig': 'False'
[2023-04-22 18:49:53Z INFO ConfigurationStore] IsConfigured()
[2023-04-22 18:49:53Z INFO ConfigurationStore] IsConfigured: False
[2023-04-22 18:49:53Z INFO ConfigurationManager] Is configured: False
[2023-04-22 18:49:53Z INFO CommandSettings] Arg 'url': 'https://github.com/codewitharun/Sociable'
[2023-04-22 18:49:53Z INFO CommandSettings] Remove url from Arg dictionary.
[2023-04-22 18:49:53Z INFO CommandSettings] Arg 'token': '***'
[2023-04-22 18:49:53Z INFO CommandSettings] Remove token from Arg dictionary.
[2023-04-22 18:49:55Z INFO ConfigurationManager] Http response code: OK from 'POST https://api.github.com/actions/runner-registration' (55E9:168D:1A0EC0:1EFAD6:64442C39)
[2023-04-22 18:49:55Z INFO ConfigurationManager] cred retrieved via GitHub auth
[2023-04-22 18:49:55Z INFO RunnerServer] EstablishVssConnection
[2023-04-22 18:49:55Z INFO RunnerServer] Establish connection with 100 seconds timeout.
[2023-04-22 18:49:55Z INFO GitHubActionsService] Starting operation Location.GetConnectionData
[2023-04-22 18:49:55Z INFO RunnerServer] EstablishVssConnection
[2023-04-22 18:49:55Z INFO RunnerServer] Establish connection with 60 seconds timeout.
[2023-04-22 18:49:55Z INFO GitHubActionsService] Starting operation Location.GetConnectionData
[2023-04-22 18:49:55Z INFO RunnerServer] EstablishVssConnection
[2023-04-22 18:49:55Z INFO RunnerServer] Establish connection with 60 seconds timeout.
[2023-04-22 18:49:55Z INFO GitHubActionsService] Starting operation Location.GetConnectionData
[2023-04-22 18:49:59Z INFO GitHubActionsService] Finished operation Location.GetConnectionData
[2023-04-22 18:49:59Z INFO GitHubActionsService] Finished operation Location.GetConnectionData
[2023-04-22 18:49:59Z INFO GitHubActionsService] Finished operation Location.GetConnectionData
[2023-04-22 18:49:59Z INFO Terminal] WRITE LINE: 
[2023-04-22 18:49:59Z INFO ConfigurationManager] Test Connection complete.
[2023-04-22 18:49:59Z INFO HostContext] Well known directory 'Bin': 'D:\Work\Sociable\actions-runner\bin'
[2023-04-22 18:49:59Z INFO HostContext] Well known directory 'Root': 'D:\Work\Sociable\actions-runner'
[2023-04-22 18:49:59Z INFO HostContext] Well known config file 'RSACredentials': 'D:\Work\Sociable\actions-runner\.credentials_rsaparams'
[2023-04-22 18:49:59Z INFO RSAEncryptedFileKeyManager] Creating new RSA key using 2048-bit key length
[2023-04-22 18:49:59Z INFO RSAEncryptedFileKeyManager] Successfully saved RSA key parameters to file D:\Work\Sociable\actions-runner\.credentials_rsaparams
[2023-04-22 18:49:59Z INFO CommandSettings] Arg 'runnergroup': ''
[2023-04-22 18:49:59Z INFO CommandSettings] Flag 'unattended': 'False'
[2023-04-22 18:49:59Z INFO PromptManager] ReadValue
[2023-04-22 18:49:59Z INFO Terminal] WRITE: Enter the name of the runner group to add this runner to: 
[2023-04-22 18:49:59Z INFO Terminal] WRITE: [press Enter for Default] 
[2023-04-22 18:49:59Z INFO Terminal] READ LINE
[2023-04-22 18:50:11Z INFO Terminal] Read value: './config.cmd --url https://github.com/codewitharun/Sociable --token ***'
[2023-04-22 18:50:11Z INFO Terminal] WRITE LINE: 
[2023-04-22 18:50:11Z ERR  Runner] GitHub.DistributedTask.WebApi.TaskAgentPoolNotFoundException: Could not find any self-hosted runner group named "./config.cmd --url https://github.com/codewitharun/Sociable --token ***".
   at GitHub.Runner.Listener.Configuration.ConfigurationManager.ConfigureAsync(CommandSettings command)
   at GitHub.Runner.Listener.Runner.ExecuteCommand(CommandSettings command)
[2023-04-22 18:50:11Z ERR  Terminal] WRITE ERROR: Could not find any self-hosted runner group named "./config.cmd --url https://github.com/codewitharun/Sociable --token ***".
[2023-04-22 18:50:11Z INFO Listener] Runner execution has finished with return code 1
