[2023-04-22 18:51:12Z INFO HostContext] No proxy settings were found based on environmental variables (http_proxy/https_proxy/HTTP_PROXY/HTTPS_PROXY)
[2023-04-22 18:51:12Z INFO HostContext] Well known directory 'Bin': 'D:\Work\Sociable\actions-runner\bin'
[2023-04-22 18:51:12Z INFO HostContext] Well known directory 'Root': 'D:\Work\Sociable\actions-runner'
[2023-04-22 18:51:12Z INFO HostContext] Well known config file 'Credentials': 'D:\Work\Sociable\actions-runner\.credentials'
[2023-04-22 18:51:12Z INFO HostContext] Well known directory 'Bin': 'D:\Work\Sociable\actions-runner\bin'
[2023-04-22 18:51:12Z INFO HostContext] Well known directory 'Root': 'D:\Work\Sociable\actions-runner'
[2023-04-22 18:51:12Z INFO HostContext] Well known config file 'Runner': 'D:\Work\Sociable\actions-runner\.runner'
[2023-04-22 18:51:12Z INFO Listener] Runner is built for Windows (X64) - win-x64.
[2023-04-22 18:51:12Z INFO Listener] RuntimeInformation: Microsoft Windows 10.0.22621.
[2023-04-22 18:51:12Z INFO Listener] Version: 2.303.0
[2023-04-22 18:51:12Z INFO Listener] Commit: e676c7871817c1b484299cd93fabdf4b95e70741
[2023-04-22 18:51:12Z INFO Listener] Culture: en-IN
[2023-04-22 18:51:12Z INFO Listener] UI Culture: en-US
[2023-04-22 18:51:12Z INFO HostContext] Well known directory 'Bin': 'D:\Work\Sociable\actions-runner\bin'
[2023-04-22 18:51:12Z INFO HostContext] Well known directory 'Root': 'D:\Work\Sociable\actions-runner'
[2023-04-22 18:51:12Z INFO Listener] Validating directory permissions for: 'D:\Work\Sociable\actions-runner'
[2023-04-22 18:51:12Z INFO CommandLineParser] Parse
[2023-04-22 18:51:12Z INFO CommandLineParser] Parsing 1 args
[2023-04-22 18:51:12Z INFO CommandLineParser] parsing argument
[2023-04-22 18:51:12Z INFO CommandLineParser] HasArgs: False
[2023-04-22 18:51:12Z INFO CommandLineParser] Adding Command: run
[2023-04-22 18:51:12Z INFO Listener] Arguments parsed
[2023-04-22 18:51:12Z INFO Runner] ExecuteCommand
[2023-04-22 18:51:12Z INFO ConfigurationStore] currentAssemblyLocation: D:\Work\Sociable\actions-runner\bin\Runner.Listener.dll
[2023-04-22 18:51:12Z INFO HostContext] Well known directory 'Bin': 'D:\Work\Sociable\actions-runner\bin'
[2023-04-22 18:51:12Z INFO ConfigurationStore] binPath: D:\Work\Sociable\actions-runner\bin
[2023-04-22 18:51:12Z INFO HostContext] Well known directory 'Bin': 'D:\Work\Sociable\actions-runner\bin'
[2023-04-22 18:51:12Z INFO HostContext] Well known directory 'Root': 'D:\Work\Sociable\actions-runner'
[2023-04-22 18:51:12Z INFO ConfigurationStore] RootFolder: D:\Work\Sociable\actions-runner
[2023-04-22 18:51:12Z INFO HostContext] Well known directory 'Bin': 'D:\Work\Sociable\actions-runner\bin'
[2023-04-22 18:51:12Z INFO HostContext] Well known directory 'Root': 'D:\Work\Sociable\actions-runner'
[2023-04-22 18:51:12Z INFO HostContext] Well known config file 'Runner': 'D:\Work\Sociable\actions-runner\.runner'
[2023-04-22 18:51:12Z INFO ConfigurationStore] ConfigFilePath: D:\Work\Sociable\actions-runner\.runner
[2023-04-22 18:51:12Z INFO HostContext] Well known directory 'Bin': 'D:\Work\Sociable\actions-runner\bin'
[2023-04-22 18:51:12Z INFO HostContext] Well known directory 'Root': 'D:\Work\Sociable\actions-runner'
[2023-04-22 18:51:12Z INFO HostContext] Well known config file 'Credentials': 'D:\Work\Sociable\actions-runner\.credentials'
[2023-04-22 18:51:12Z INFO ConfigurationStore] CredFilePath: D:\Work\Sociable\actions-runner\.credentials
[2023-04-22 18:51:12Z INFO HostContext] Well known directory 'Bin': 'D:\Work\Sociable\actions-runner\bin'
[2023-04-22 18:51:12Z INFO HostContext] Well known directory 'Root': 'D:\Work\Sociable\actions-runner'
[2023-04-22 18:51:12Z INFO HostContext] Well known config file 'MigratedCredentials': 'D:\Work\Sociable\actions-runner\.credentials_migrated'
[2023-04-22 18:51:12Z INFO ConfigurationStore] MigratedCredFilePath: D:\Work\Sociable\actions-runner\.credentials_migrated
[2023-04-22 18:51:12Z INFO HostContext] Well known directory 'Bin': 'D:\Work\Sociable\actions-runner\bin'
[2023-04-22 18:51:12Z INFO HostContext] Well known directory 'Root': 'D:\Work\Sociable\actions-runner'
[2023-04-22 18:51:12Z INFO HostContext] Well known config file 'Service': 'D:\Work\Sociable\actions-runner\.service'
[2023-04-22 18:51:12Z INFO ConfigurationStore] ServiceConfigFilePath: D:\Work\Sociable\actions-runner\.service
[2023-04-22 18:51:12Z INFO CommandSettings] Flag 'help': 'False'
[2023-04-22 18:51:12Z INFO CommandSettings] Flag 'version': 'False'
[2023-04-22 18:51:12Z INFO CommandSettings] Flag 'commit': 'False'
[2023-04-22 18:51:12Z INFO CommandSettings] Flag 'check': 'False'
[2023-04-22 18:51:12Z INFO CommandSettings] Command 'configure': 'False'
[2023-04-22 18:51:12Z INFO CommandSettings] Command 'remove': 'False'
[2023-04-22 18:51:12Z INFO CommandSettings] Command 'warmup': 'False'
[2023-04-22 18:51:12Z INFO ConfigurationManager] LoadSettings
[2023-04-22 18:51:12Z INFO ConfigurationStore] IsConfigured()
[2023-04-22 18:51:12Z INFO ConfigurationStore] IsConfigured: True
[2023-04-22 18:51:12Z INFO ConfigurationManager] Is configured: True
[2023-04-22 18:51:12Z INFO ConfigurationStore] Read setting file: 292 chars
[2023-04-22 18:51:12Z INFO ConfigurationManager] Settings Loaded
[2023-04-22 18:51:12Z INFO ConfigurationStore] IsServiceConfigured()
[2023-04-22 18:51:12Z INFO ConfigurationStore] IsServiceConfigured: False
[2023-04-22 18:51:12Z INFO CommandSettings] Command 'run': 'True'
[2023-04-22 18:51:12Z INFO ConfigurationStore] IsConfigured()
[2023-04-22 18:51:12Z INFO ConfigurationStore] IsConfigured: True
[2023-04-22 18:51:12Z INFO ConfigurationManager] Is configured: True
[2023-04-22 18:51:12Z INFO Runner] Could not parse the argument value '' for StartupType. Defaulting to Manual
[2023-04-22 18:51:12Z INFO Runner] Set runner startup type - Manual
[2023-04-22 18:51:12Z INFO CommandSettings] Flag 'once': 'False'
[2023-04-22 18:51:12Z INFO CommandSettings] Flag 'once': 'False'
[2023-04-22 18:51:12Z INFO Runner] RunAsync
[2023-04-22 18:51:12Z INFO ConfigurationManager] LoadSettings
[2023-04-22 18:51:12Z INFO ConfigurationStore] IsConfigured()
[2023-04-22 18:51:12Z INFO ConfigurationStore] IsConfigured: True
[2023-04-22 18:51:12Z INFO ConfigurationManager] Is configured: True
[2023-04-22 18:51:12Z INFO ConfigurationManager] Settings Loaded
[2023-04-22 18:51:12Z INFO MessageListener] {
  "AgentId": 2,
  "AgentName": "ARUNPC",
  "PoolId": 1,
  "PoolName": "Default",
  "ServerUrl": "https://pipelines.actions.githubusercontent.com/htZ9U0wzBnYtA0LwSzuBhuegASTllQq6mR9P0qcYoNkF7jUSsG",
  "GitHubUrl": "https://github.com/codewitharun/Sociable",
  "WorkFolder": "_work"
}
[2023-04-22 18:51:12Z INFO MessageListener] Loading Credentials
[2023-04-22 18:51:12Z INFO ConfigurationStore] HasCredentials()
[2023-04-22 18:51:12Z INFO ConfigurationStore] stored True
[2023-04-22 18:51:12Z INFO CredentialManager] GetCredentialProvider
[2023-04-22 18:51:12Z INFO CredentialManager] Creating type OAuth
[2023-04-22 18:51:12Z INFO CredentialManager] Creating credential type: OAuth
[2023-04-22 18:51:12Z INFO HostContext] Well known directory 'Bin': 'D:\Work\Sociable\actions-runner\bin'
[2023-04-22 18:51:12Z INFO HostContext] Well known directory 'Root': 'D:\Work\Sociable\actions-runner'
[2023-04-22 18:51:12Z INFO HostContext] Well known config file 'RSACredentials': 'D:\Work\Sociable\actions-runner\.credentials_rsaparams'
[2023-04-22 18:51:12Z INFO RSAEncryptedFileKeyManager] Loading RSA key parameters from file D:\Work\Sociable\actions-runner\.credentials_rsaparams
[2023-04-22 18:51:12Z INFO MessageListener] Attempt to create session.
[2023-04-22 18:51:12Z INFO MessageListener] Connecting to the Runner Server...
[2023-04-22 18:51:12Z INFO RunnerServer] EstablishVssConnection
[2023-04-22 18:51:12Z INFO RunnerServer] Establish connection with 100 seconds timeout.
[2023-04-22 18:51:12Z INFO GitHubActionsService] Starting operation Location.GetConnectionData
[2023-04-22 18:51:12Z INFO RunnerServer] EstablishVssConnection
[2023-04-22 18:51:12Z INFO RunnerServer] Establish connection with 60 seconds timeout.
[2023-04-22 18:51:12Z INFO GitHubActionsService] Starting operation Location.GetConnectionData
[2023-04-22 18:51:12Z INFO RunnerServer] EstablishVssConnection
[2023-04-22 18:51:12Z INFO RunnerServer] Establish connection with 60 seconds timeout.
[2023-04-22 18:51:12Z INFO GitHubActionsService] Starting operation Location.GetConnectionData
[2023-04-22 18:51:13Z INFO GitHubActionsService] Finished operation Location.GetConnectionData
[2023-04-22 18:51:13Z INFO GitHubActionsService] Finished operation Location.GetConnectionData
[2023-04-22 18:51:13Z INFO GitHubActionsService] Finished operation Location.GetConnectionData
[2023-04-22 18:51:14Z INFO MessageListener] VssConnection created
[2023-04-22 18:51:14Z INFO Terminal] WRITE LINE: 
[2023-04-22 18:51:14Z INFO Terminal] WRITE LINE: 
[2023-04-22 18:51:14Z INFO RSAEncryptedFileKeyManager] Loading RSA key parameters from file D:\Work\Sociable\actions-runner\.credentials_rsaparams
[2023-04-22 18:51:14Z INFO RSAEncryptedFileKeyManager] Loading RSA key parameters from file D:\Work\Sociable\actions-runner\.credentials_rsaparams
[2023-04-22 18:51:15Z INFO GitHubActionsService] AAD Correlation ID for this token request: Unknown
[2023-04-22 18:51:16Z INFO MessageListener] Session created.
[2023-04-22 18:51:16Z INFO Terminal] WRITE LINE: Current runner version: '2.303.0'
[2023-04-22 18:51:16Z INFO Terminal] WRITE LINE: 2023-04-22 18:51:16Z: Listening for Jobs
[2023-04-22 18:51:16Z INFO JobDispatcher] Set runner/worker IPC timeout to 30 seconds.
[2023-04-22 18:52:31Z INFO Terminal] WRITE LINE: Exiting...
[2023-04-22 18:52:31Z INFO ConfigurationStore] IsServiceConfigured()
[2023-04-22 18:52:31Z INFO ConfigurationStore] IsServiceConfigured: False
[2023-04-22 18:52:31Z INFO HostContext] Runner will be shutdown for UserCancelled
[2023-04-22 18:52:31Z WARN GitHubActionsService] GET request to https://pipelines.actions.githubusercontent.com/htZ9U0wzBnYtA0LwSzuBhuegASTllQq6mR9P0qcYoNkF7jUSsG/_apis/distributedtask/pools/1/messages?sessionId=48f3f257-d5bd-4f1f-aa83-d179654c6bfb&status=Online&runnerVersion=2.303.0 has been cancelled.
[2023-04-22 18:52:31Z INFO MessageListener] Get next message has been cancelled.
[2023-04-22 18:52:31Z INFO JobDispatcher] Shutting down JobDispatcher. Make sure all WorkerDispatcher has finished.
[2023-04-22 18:52:31Z INFO Terminal] WRITE LINE: Exiting...
[2023-04-22 18:52:31Z INFO ConfigurationStore] IsServiceConfigured()
[2023-04-22 18:52:31Z INFO ConfigurationStore] IsServiceConfigured: False
[2023-04-22 18:52:31Z INFO HostContext] Runner will be shutdown for UserCancelled
[2023-04-22 18:52:32Z INFO Listener] Runner execution been cancelled.
